<?xml version="1.0" encoding="UTF-8"?>
<!-- Generated by org.testng.reporters.JUnitXMLReporter -->
<testsuite ignored="0" hostname="Rayhans-Air" failures="0" tests="4" name="Autocomplete Page" time="3.081" errors="0" timestamp="2024-08-15T23:14:36 EDT">
  <testcase classname="com.qa.formy.tests.Autocomplete_Test" name="verifyTitle" time="0.069"/>
  <testcase classname="com.qa.formy.tests.Autocomplete_Test" name="veryfyInputFieldEnbled" time="0.121"/>
  <testcase classname="com.qa.formy.tests.Autocomplete_Test" name="validateFormAutocompleteField" time="0.356"/>
  <testcase classname="com.qa.formy.tests.Autocomplete_Test" name="validateFormAutocompleteField" time="0.277"/>
</testsuite> <!-- Autocomplete Page -->
