<?xml version="1.0" encoding="UTF-8"?>
<!-- Generated by org.testng.reporters.JUnitXMLReporter -->
<testsuite ignored="0" hostname="Rayhans-Air" failures="0" tests="4" name="Autocomplete Page" time="2.688" errors="0" timestamp="2024-08-15T17:25:57 EDT">
  <testcase classname="com.qa.formy.tests.Autocomplete_Test" name="verifyTitle" time="0.054"/>
  <testcase classname="com.qa.formy.tests.Autocomplete_Test" name="veryfyInputFieldEnbled" time="0.113"/>
  <testcase classname="com.qa.formy.tests.Autocomplete_Test" name="validateFormAutocompleteField" time="0.348"/>
  <testcase classname="com.qa.formy.tests.Autocomplete_Test" name="validateFormAutocompleteField" time="0.237"/>
</testsuite> <!-- Autocomplete Page -->
