<?xml version="1.0" encoding="UTF-8"?>
<!-- Generated by org.testng.reporters.JUnitXMLReporter -->
<testsuite ignored="0" hostname="Rayhans-Air" failures="1" tests="1" name="Button Page" time="2.23" errors="0" timestamp="2024-08-15T17:25:57 EDT">
  <testcase classname="com.qa.formy.tests.Button_Test" name="veryfyAlltheButtonPresent" time="0.193">
    <failure type="java.lang.AssertionError" message="Lists differ at element [0]: Primary != 11Primary expected [Primary] but found [11Primary]">
      <![CDATA[java.lang.AssertionError: Lists differ at element [0]: Primary != 11Primary expected [Primary] but found [11Primary]
at com.qa.formy.tests.Button_Test.veryfyAlltheButtonPresent(Button_Test.java:24)
at java.base/java.util.ArrayList.forEach(ArrayList.java:1511)
at java.base/java.util.concurrent.FutureTask.run(FutureTask.java:317)
at java.base/java.util.concurrent.ThreadPoolExecutor.runWorker(ThreadPoolExecutor.java:1144)
at java.base/java.util.concurrent.ThreadPoolExecutor$Worker.run(ThreadPoolExecutor.java:642)
at java.base/java.lang.Thread.run(Thread.java:1623)
... Removed 20 stack frames]]>
    </failure>
  </testcase> <!-- veryfyAlltheButtonPresent -->
</testsuite> <!-- Button Page -->
