<?xml version="1.0" encoding="UTF-8"?>
<!-- Generated by org.testng.reporters.JUnitXMLReporter -->
<testsuite ignored="0" hostname="Rayhans-Air" failures="0" tests="4" name="Register Page Test" time="2.618" errors="0" timestamp="2024-08-15T15:58:28 EDT">
  <testcase classname="com.qa.formy.tests.Autocomplete_Test" name="verifyTitle" time="0.046"/>
  <testcase classname="com.qa.formy.tests.Autocomplete_Test" name="veryfyInputFieldEnbled" time="0.065"/>
  <testcase classname="com.qa.formy.tests.Autocomplete_Test" name="validateFormAutocompleteField" time="0.37"/>
  <testcase classname="com.qa.formy.tests.Autocomplete_Test" name="validateFormAutocompleteField" time="0.261"/>
</testsuite> <!-- Register Page Test -->
