<?xml version="1.0" encoding="UTF-8"?>
<!-- Generated by org.testng.reporters.JUnitXMLReporter -->
<testsuite ignored="2" hostname="Rayhans-Air" failures="1" tests="5" name="Test" time="2.255" errors="0" timestamp="2024-08-15T17:14:23 EDT">
  <testcase classname="com.qa.formy.tests.Autocomplete_Test" name="verifyTitle" time="0.038"/>
  <testcase classname="com.qa.formy.tests.Autocomplete_Test" name="veryfyInputFieldEnbled" time="0.109"/>
  <testcase classname="com.qa.formy.tests.Autocomplete_Test" name="validateFormAutocompleteField" time="0.296"/>
  <testcase classname="com.qa.formy.tests.Autocomplete_Test" name="validateFormAutocompleteField" time="0.245"/>
  <testcase classname="com.qa.formy.tests.Button_Test" name="veryfyAlltheButtonPresent" time="0.001">
    <failure type="java.lang.NullPointerException" message="Cannot invoke &amp;quot;com.qa.formy.pages.ButtonPage.allTheButtonFIeldText()&amp;quot; because &amp;quot;this.buttonPage&amp;quot; is null">
      <![CDATA[java.lang.NullPointerException: Cannot invoke "com.qa.formy.pages.ButtonPage.allTheButtonFIeldText()" because "this.buttonPage" is null
at com.qa.formy.tests.Button_Test.veryfyAlltheButtonPresent(Button_Test.java:23)
at java.base/java.util.ArrayList.forEach(ArrayList.java:1511)
... Removed 25 stack frames]]>
    </failure>
  </testcase> <!-- veryfyAlltheButtonPresent -->
  <testcase classname="com.qa.formy.base.BaseTest" name="@BeforeTest setup" time="0.0">
    <ignored/>
  </testcase> <!-- @BeforeTest setup -->
  <testcase classname="com.qa.formy.base.BaseTest" name="@AfterTest teardown" time="0.0">
    <ignored/>
  </testcase> <!-- @AfterTest teardown -->
</testsuite> <!-- Test -->
