<?xml version="1.0" encoding="UTF-8"?>
<!-- Generated by org.testng.reporters.JUnitXMLReporter -->
<testsuite ignored="0" hostname="Rayhans-Air" failures="0" tests="5" name="Test" time="4.992" errors="0" timestamp="2024-08-15T18:24:34 EDT">
  <testcase classname="com.qa.formy.tests.Autocomplete_Test" name="verifyTitle" time="0.07"/>
  <testcase classname="com.qa.formy.tests.Autocomplete_Test" name="veryfyInputFieldEnbled" time="0.099"/>
  <testcase classname="com.qa.formy.tests.Autocomplete_Test" name="validateFormAutocompleteField" time="0.316"/>
  <testcase classname="com.qa.formy.tests.Autocomplete_Test" name="validateFormAutocompleteField" time="0.243"/>
  <testcase classname="com.qa.formy.tests.Button_Test" name="veryfyAlltheButtonPresent" time="0.471"/>
</testsuite> <!-- Test -->
