<?xml version="1.0" encoding="UTF-8"?>
<testsuite xmlns:xsi="http://www.w3.org/2001/XMLSchema-instance" xsi:noNamespaceSchemaLocation="https://maven.apache.org/surefire/maven-surefire-plugin/xsd/surefire-test-report-3.0.xsd" version="3.0" name="TestSuite" time="5.316" tests="5" errors="0" skipped="0" failures="0">
  <properties>
[...]
</properties>
  <testcase name="verifyTitle" classname="com.qa.formy.tests.Autocomplete_Test" time="0.092">
    <system-out><![CDATA[2024-08-15 18:24:29 INFO  DriverFactory:108 - Running on qa env
2024-08-15 18:24:29 INFO  DriverFactory:109 - java.io.FileInputStream@52c3cb31
2024-08-15 18:24:29 INFO  DriverFactory:45 - browser name input in properties file: chrome
2024-08-15 18:24:31 INFO  DriverFactory:60 - Browser is: chrome
2024-08-15 18:24:31 INFO  ElementUtils:28 - locator : By.xpath: //a[text()='Autocomplete' and @class='btn btn-lg']
2024-08-15 18:24:31 INFO  ElementUtils:22 - Actual titls Autocomplete Form page: Formy
]]></system-out>
  </testcase>
  <testcase name="veryfyInputFieldEnbled" classname="com.qa.formy.tests.Autocomplete_Test" time="0.077">
    <system-out><![CDATA[2024-08-15 18:24:31 INFO  ElementUtils:28 - locator : By.xpath: //input[@id='autocomplete']
2024-08-15 18:24:31 INFO  ElementUtils:28 - locator : By.id: street_number
2024-08-15 18:24:31 INFO  ElementUtils:28 - locator : By.id: route
2024-08-15 18:24:31 INFO  ElementUtils:28 - locator : By.id: route
2024-08-15 18:24:31 INFO  ElementUtils:28 - locator : By.id: route
2024-08-15 18:24:31 INFO  ElementUtils:28 - locator : By.id: route
2024-08-15 18:24:31 INFO  ElementUtils:28 - locator : By.id: route
]]></system-out>
  </testcase>
  <testcase name="validateFormAutocompleteField[hillcrest dr, hillcrest, amherstBuffalo, Amherst, NY, 14226, USA](1)" classname="com.qa.formy.tests.Autocomplete_Test" time="0.316">
    <system-out><![CDATA[2024-08-15 18:24:31 INFO  ElementUtils:28 - locator : By.xpath: //input[@id='autocomplete']
2024-08-15 18:24:31 INFO  ElementUtils:28 - locator : By.xpath: //input[@id='autocomplete']
2024-08-15 18:24:31 INFO  ElementUtils:28 - locator : By.id: street_number
2024-08-15 18:24:31 INFO  ElementUtils:28 - locator : By.id: street_number
2024-08-15 18:24:32 INFO  ElementUtils:28 - locator : By.id: route
2024-08-15 18:24:32 INFO  ElementUtils:28 - locator : By.id: route
2024-08-15 18:24:32 INFO  ElementUtils:28 - locator : By.id: locality
2024-08-15 18:24:32 INFO  ElementUtils:28 - locator : By.id: locality
2024-08-15 18:24:32 INFO  ElementUtils:28 - locator : By.id: administrative_area_level_1
2024-08-15 18:24:32 INFO  ElementUtils:28 - locator : By.id: administrative_area_level_1
2024-08-15 18:24:32 INFO  ElementUtils:28 - locator : By.id: postal_code
2024-08-15 18:24:32 INFO  ElementUtils:28 - locator : By.id: postal_code
2024-08-15 18:24:32 INFO  ElementUtils:28 - locator : By.id: country
2024-08-15 18:24:32 INFO  ElementUtils:28 - locator : By.id: country
]]></system-out>
  </testcase>
  <testcase name="validateFormAutocompleteField[DhakaMirpur, Mi, Mipur, Dhaka, BD, 14, BD](2)" classname="com.qa.formy.tests.Autocomplete_Test" time="0.243">
    <system-out><![CDATA[2024-08-15 18:24:32 INFO  ElementUtils:28 - locator : By.xpath: //input[@id='autocomplete']
2024-08-15 18:24:32 INFO  ElementUtils:28 - locator : By.xpath: //input[@id='autocomplete']
2024-08-15 18:24:32 INFO  ElementUtils:28 - locator : By.id: street_number
2024-08-15 18:24:32 INFO  ElementUtils:28 - locator : By.id: street_number
2024-08-15 18:24:32 INFO  ElementUtils:28 - locator : By.id: route
2024-08-15 18:24:32 INFO  ElementUtils:28 - locator : By.id: route
2024-08-15 18:24:32 INFO  ElementUtils:28 - locator : By.id: locality
2024-08-15 18:24:32 INFO  ElementUtils:28 - locator : By.id: locality
2024-08-15 18:24:32 INFO  ElementUtils:28 - locator : By.id: administrative_area_level_1
2024-08-15 18:24:32 INFO  ElementUtils:28 - locator : By.id: administrative_area_level_1
2024-08-15 18:24:32 INFO  ElementUtils:28 - locator : By.id: postal_code
2024-08-15 18:24:32 INFO  ElementUtils:28 - locator : By.id: postal_code
2024-08-15 18:24:32 INFO  ElementUtils:28 - locator : By.id: country
2024-08-15 18:24:32 INFO  ElementUtils:28 - locator : By.id: country
]]></system-out>
  </testcase>
  <testcase name="veryfyAlltheButtonPresent" classname="com.qa.formy.tests.Button_Test" time="0.471">
    <system-out><![CDATA[2024-08-15 18:24:32 INFO  DriverFactory:108 - Running on qa env
2024-08-15 18:24:32 INFO  DriverFactory:109 - java.io.FileInputStream@2bac9ba
2024-08-15 18:24:32 INFO  DriverFactory:45 - browser name input in properties file: chrome
2024-08-15 18:24:33 INFO  DriverFactory:60 - Browser is: chrome
2024-08-15 18:24:34 INFO  ElementUtils:28 - locator : By.linkText: Buttons
2024-08-15 18:24:34 INFO  ElementUtils:28 - locator : By.xpath: //form/div//button
2024-08-15 18:24:34 INFO  ElementUtils:28 - locator : By.xpath: //div[@class='dropdown-menu show']/a
]]></system-out>
  </testcase>
</testsuite>