<?xml version="1.0" encoding="UTF-8"?>
<testng-results ignored="0" total="5" passed="5" failed="0" skipped="0">
  <reporter-output>
  </reporter-output>
  <suite started-at="2024-08-15T18:24:29 EDT" name="Suite" finished-at="2024-08-15T18:24:34 EDT" duration-ms="4992">
    <groups>
    </groups>
    <test started-at="2024-08-15T18:24:29 EDT" name="Test" finished-at="2024-08-15T18:24:34 EDT" duration-ms="4992">
      <class name="com.qa.formy.tests.Button_Test">
        <test-method is-config="true" signature="setup()[pri:0, instance:com.qa.formy.tests.Button_Test@4241e0f4]" started-at="2024-08-15T18:24:32 EDT" name="setup" finished-at="2024-08-15T18:24:34 EDT" duration-ms="1557" status="PASS">
          <reporter-output>
          </reporter-output>
        </test-method> <!-- setup -->
        <test-method signature="veryfyAlltheButtonPresent()[pri:0, instance:com.qa.formy.tests.Button_Test@4241e0f4]" started-at="2024-08-15T18:24:34 EDT" name="veryfyAlltheButtonPresent" finished-at="2024-08-15T18:24:34 EDT" duration-ms="471" status="PASS">
          <reporter-output>
          </reporter-output>
        </test-method> <!-- veryfyAlltheButtonPresent -->
        <test-method is-config="true" signature="teardown()[pri:0, instance:com.qa.formy.tests.Button_Test@4241e0f4]" started-at="2024-08-15T18:24:34 EDT" name="teardown" finished-at="2024-08-15T18:24:34 EDT" duration-ms="77" status="PASS">
          <reporter-output>
          </reporter-output>
        </test-method> <!-- teardown -->
      </class> <!-- com.qa.formy.tests.Button_Test -->
      <class name="com.qa.formy.tests.Autocomplete_Test">
        <test-method is-config="true" signature="setup()[pri:0, instance:com.qa.formy.tests.Autocomplete_Test@4b213651]" started-at="2024-08-15T18:24:29 EDT" name="setup" finished-at="2024-08-15T18:24:31 EDT" duration-ms="2059" status="PASS">
          <reporter-output>
          </reporter-output>
        </test-method> <!-- setup -->
        <test-method signature="verifyTitle()[pri:1, instance:com.qa.formy.tests.Autocomplete_Test@4b213651]" started-at="2024-08-15T18:24:31 EDT" name="verifyTitle" finished-at="2024-08-15T18:24:31 EDT" duration-ms="70" status="PASS">
          <reporter-output>
          </reporter-output>
        </test-method> <!-- verifyTitle -->
        <test-method signature="veryfyInputFieldEnbled()[pri:2, instance:com.qa.formy.tests.Autocomplete_Test@4b213651]" started-at="2024-08-15T18:24:31 EDT" name="veryfyInputFieldEnbled" finished-at="2024-08-15T18:24:31 EDT" depends-on-methods="com.qa.formy.tests.Autocomplete_Test.verifyTitle" duration-ms="99" status="PASS">
          <reporter-output>
          </reporter-output>
        </test-method> <!-- veryfyInputFieldEnbled -->
        <test-method signature="validateFormAutocompleteField(java.lang.String, java.lang.String, java.lang.String, java.lang.String, java.lang.String, java.lang.String, java.lang.String)[pri:3, instance:com.qa.formy.tests.Autocomplete_Test@4b213651]" started-at="2024-08-15T18:24:31 EDT" name="validateFormAutocompleteField" data-provider="getAutocompleteFormData" finished-at="2024-08-15T18:24:32 EDT" depends-on-methods="com.qa.formy.tests.Autocomplete_Test.verifyTitle" duration-ms="316" status="PASS">
          <params>
            <param index="0">
              <value>
                <![CDATA[hillcrest dr]]>
              </value>
            </param>
            <param index="1">
              <value>
                <![CDATA[hillcrest]]>
              </value>
            </param>
            <param index="2">
              <value>
                <![CDATA[amherstBuffalo]]>
              </value>
            </param>
            <param index="3">
              <value>
                <![CDATA[Amherst]]>
              </value>
            </param>
            <param index="4">
              <value>
                <![CDATA[NY]]>
              </value>
            </param>
            <param index="5">
              <value>
                <![CDATA[14226]]>
              </value>
            </param>
            <param index="6">
              <value>
                <![CDATA[USA]]>
              </value>
            </param>
          </params>
          <reporter-output>
          </reporter-output>
        </test-method> <!-- validateFormAutocompleteField -->
        <test-method signature="validateFormAutocompleteField(java.lang.String, java.lang.String, java.lang.String, java.lang.String, java.lang.String, java.lang.String, java.lang.String)[pri:3, instance:com.qa.formy.tests.Autocomplete_Test@4b213651]" started-at="2024-08-15T18:24:32 EDT" name="validateFormAutocompleteField" data-provider="getAutocompleteFormData" finished-at="2024-08-15T18:24:32 EDT" depends-on-methods="com.qa.formy.tests.Autocomplete_Test.verifyTitle" duration-ms="243" status="PASS">
          <params>
            <param index="0">
              <value>
                <![CDATA[DhakaMirpur]]>
              </value>
            </param>
            <param index="1">
              <value>
                <![CDATA[Mi]]>
              </value>
            </param>
            <param index="2">
              <value>
                <![CDATA[Mipur]]>
              </value>
            </param>
            <param index="3">
              <value>
                <![CDATA[Dhaka]]>
              </value>
            </param>
            <param index="4">
              <value>
                <![CDATA[BD]]>
              </value>
            </param>
            <param index="5">
              <value>
                <![CDATA[14]]>
              </value>
            </param>
            <param index="6">
              <value>
                <![CDATA[BD]]>
              </value>
            </param>
          </params>
          <reporter-output>
          </reporter-output>
        </test-method> <!-- validateFormAutocompleteField -->
        <test-method is-config="true" signature="teardown()[pri:0, instance:com.qa.formy.tests.Autocomplete_Test@4b213651]" started-at="2024-08-15T18:24:32 EDT" name="teardown" finished-at="2024-08-15T18:24:32 EDT" duration-ms="85" status="PASS">
          <reporter-output>
          </reporter-output>
        </test-method> <!-- teardown -->
      </class> <!-- com.qa.formy.tests.Autocomplete_Test -->
    </test> <!-- Test -->
  </suite> <!-- Suite -->
</testng-results>
